<?xml version="1.0" encoding="UTF-8"?>
<testsuite xmlns:xsi="http://www.w3.org/2001/XMLSchema-instance" xsi:noNamespaceSchemaLocation="https://maven.apache.org/surefire/maven-surefire-plugin/xsd/surefire-test-report.xsd" version="3.0.2" name="org.kshrd.onedaychallenge.OnedayChallengeApplicationTests" time="11.692" tests="1" errors="0" skipped="0" failures="0">
  <properties>
[...]
</properties>
  <testcase name="contextLoads" classname="org.kshrd.onedaychallenge.OnedayChallengeApplicationTests" time="1.624">
    <system-out><![CDATA[21:13:17.995 [main] INFO org.springframework.test.context.support.AnnotationConfigContextLoaderUtils -- Could not detect default configuration classes for test class [org.kshrd.onedaychallenge.OnedayChallengeApplicationTests]: OnedayChallengeApplicationTests does not declare any static, non-private, non-final, nested classes annotated with @Configuration.
21:13:18.235 [main] INFO org.springframework.boot.test.context.SpringBootTestContextBootstrapper -- Found @SpringBootConfiguration org.kshrd.onedaychallenge.OnedayChallengeApplication for test class org.kshrd.onedaychallenge.OnedayChallengeApplicationTests

  .   ____          _            __ _ _
 /\\ / ___'_ __ _ _(_)_ __  __ _ \ \ \ \
( ( )\___ | '_ | '_| | '_ \/ _` | \ \ \ \
 \\/  ___)| |_)| | | | | || (_| |  ) ) ) )
  '  |____| .__|_| |_|_| |_\__, | / / / /
 =========|_|==============|___/=/_/_/_/

 :: Spring Boot ::                (v3.4.4)

2025-04-09T21:13:19.412+07:00  INFO 12716 --- [oneday-challenge] [           main] o.k.o.OnedayChallengeApplicationTests    : Starting OnedayChallengeApplicationTests using Java 22.0.2 with PID 12716 (started by MSI in C:\Users\MSI\Desktop\group3\group03)
2025-04-09T21:13:19.415+07:00  INFO 12716 --- [oneday-challenge] [           main] o.k.o.OnedayChallengeApplicationTests    : No active profile set, falling back to 1 default profile: "default"
2025-04-09T21:13:23.508+07:00  INFO 12716 --- [oneday-challenge] [           main] eAuthenticationProviderManagerConfigurer : Global AuthenticationManager configured with AuthenticationProvider bean with name daoAuthenticationProvider
2025-04-09T21:13:23.509+07:00  WARN 12716 --- [oneday-challenge] [           main] r$InitializeUserDetailsManagerConfigurer : Global AuthenticationManager configured with an AuthenticationProvider bean. UserDetailsService beans will not be used by Spring Security for automatically configuring username/password login. Consider removing the AuthenticationProvider bean. Alternatively, consider using the UserDetailsService in a manually instantiated DaoAuthenticationProvider. If the current configuration is intentional, to turn off this warning, increase the logging level of 'org.springframework.security.config.annotation.authentication.configuration.InitializeUserDetailsBeanManagerConfigurer' to ERROR
2025-04-09T21:13:25.584+07:00  INFO 12716 --- [oneday-challenge] [           main] o.s.v.b.OptionalValidatorFactoryBean     : Failed to set up a Bean Validation provider: jakarta.validation.NoProviderFoundException: Unable to create a Configuration, because no Jakarta Bean Validation provider could be found. Add a provider like Hibernate Validator (RI) to your classpath.
2025-04-09T21:13:27.725+07:00  INFO 12716 --- [oneday-challenge] [           main] o.s.m.s.b.SimpleBrokerMessageHandler     : Starting...
2025-04-09T21:13:27.728+07:00  INFO 12716 --- [oneday-challenge] [           main] o.s.m.s.b.SimpleBrokerMessageHandler     : BrokerAvailabilityEvent[available=true, SimpleBrokerMessageHandler [org.springframework.messaging.simp.broker.DefaultSubscriptionRegistry@54f25b42]]
2025-04-09T21:13:27.730+07:00  INFO 12716 --- [oneday-challenge] [           main] o.s.m.s.b.SimpleBrokerMessageHandler     : Started.
2025-04-09T21:13:27.742+07:00  INFO 12716 --- [oneday-challenge] [           main] o.k.o.OnedayChallengeApplicationTests    : Started OnedayChallengeApplicationTests in 9.207 seconds (process running for 11.085)
]]></system-out>
    <system-err><![CDATA[Mockito is currently self-attaching to enable the inline-mock-maker. This will no longer work in future releases of the JDK. Please add Mockito as an agent to your build what is described in Mockito's documentation: https://javadoc.io/doc/org.mockito/mockito-core/latest/org/mockito/Mockito.html#0.3
WARNING: A Java agent has been loaded dynamically (C:\Users\MSI\.m2\repository\net\bytebuddy\byte-buddy-agent\1.15.11\byte-buddy-agent-1.15.11.jar)
WARNING: If a serviceability tool is in use, please run with -XX:+EnableDynamicAgentLoading to hide this warning
WARNING: If a serviceability tool is not in use, please run with -Djdk.instrument.traceUsage for more information
WARNING: Dynamic loading of agents will be disallowed by default in a future release
]]></system-err>
  </testcase>
</testsuite>